command-line param: theta=0.5236
init-params: initializing eigensolver data
Computing 3 bands with 1.000000e-07 tolerance.
Working in 2 dimensions.
Grid size is 32 x 128 x 1.
Solving for 3 bands at a time.
Creating Maxwell data...
Allocating fields...
Mesh size is 3.
Lattice vectors:
     (1, 0, 0)
     (0, 4, 0)
     (0, 0, 1)
Cell volume = 4
Reciprocal lattice vectors (/ 2 pi):
     (1, -0, 0)
     (-0, 0.25, -0)
     (0, -0, 1)
Geometric objects:
     block, center = (0,0,0)
          size (1e+20,1e+20,1e+20)
          axes (1,0,0), (0,1,0), (0,0,1)
          dielectric constant epsilon = 2.1025
     cylinder, center = (0.23094,2.82902e-07,0)
          radius 0.1, height 1e+20, axis (0, 0, 1)
          dielectric constant epsilon = 11.9025
     cylinder, center = (-0.11547,-0.2,0)
          radius 0.1, height 1e+20, axis (0, 0, 1)
          dielectric constant epsilon = 11.9025
     cylinder, center = (-0.11547,0.2,0)
          radius 0.1, height 1e+20, axis (0, 0, 1)
          dielectric constant epsilon = 11.9025
Geometric object tree has depth 1 and 12 object nodes (vs. 4 actual objects)
Initializing dielectric function...
10 k-points:
     (0,0,0)
     (0.0555556,0,0)
     (0.111111,0,0)
     (0.166667,0,0)
     (0.222222,0,0)
     (0.277778,0,0)
     (0.333333,0,0)
     (0.388889,0,0)
     (0.444444,0,0)
     (0.5,0,0)
Solving for band polarization: tmyeven.
Initializing fields to random numbers...
elapsed time for initialization: 0 seconds.
epsilon: 2.1025-11.9025, mean 2.33341, harm. mean 2.15123, 100% > 1, 2.35619% "fill"
Outputting newstrv02-epsilon...
solve_kpoint (0,0,0):
tmyevenfreqs:, k index, k1, k2, k3, kmag/2pi, tmyeven band 1, tmyeven band 2, tmyeven band 3
Solving for bands 2 to 3...
Finished solving for bands 2 to 3 after 8 iterations.
tmyevenfreqs:, 1, 0, 0, 0, 0, 0, 0.157305, 0.322024
elapsed time for k point: 0 seconds.
solve_kpoint (0.0555556,0,0):
Solving for bands 1 to 3...
Finished solving for bands 1 to 3 after 4 iterations.
tmyevenfreqs:, 2, 0.0555556, 0, 0, 0.0555556, 0.0363446, 0.161166, 0.324029
elapsed time for k point: 0 seconds.
solve_kpoint (0.111111,0,0):
Solving for bands 1 to 3...
Finished solving for bands 1 to 3 after 4 iterations.
tmyevenfreqs:, 3, 0.111111, 0, 0, 0.111111, 0.0725372, 0.172255, 0.329968
elapsed time for k point: 0 seconds.
solve_kpoint (0.166667,0,0):
Solving for bands 1 to 3...
Finished solving for bands 1 to 3 after 4 iterations.
tmyevenfreqs:, 4, 0.166667, 0, 0, 0.166667, 0.108401, 0.189374, 0.339613
elapsed time for k point: 0 seconds.
solve_kpoint (0.222222,0,0):
Solving for bands 1 to 3...
Finished solving for bands 1 to 3 after 5 iterations.
tmyevenfreqs:, 5, 0.222222, 0, 0, 0.222222, 0.143708, 0.211197, 0.352567
elapsed time for k point: 0 seconds.
solve_kpoint (0.277778,0,0):
Solving for bands 1 to 3...
Finished solving for bands 1 to 3 after 6 iterations.
tmyevenfreqs:, 6, 0.277778, 0, 0, 0.277778, 0.178153, 0.236632, 0.368017
elapsed time for k point: 0 seconds.
solve_kpoint (0.333333,0,0):
Solving for bands 1 to 3...
Finished solving for bands 1 to 3 after 7 iterations.
tmyevenfreqs:, 7, 0.333333, 0, 0, 0.333333, 0.211336, 0.264888, 0.380684
elapsed time for k point: 0 seconds.
solve_kpoint (0.388889,0,0):
Solving for bands 1 to 3...
Finished solving for bands 1 to 3 after 7 iterations.
tmyevenfreqs:, 8, 0.388889, 0, 0, 0.388889, 0.242674, 0.295257, 0.366664
elapsed time for k point: 0 seconds.
solve_kpoint (0.444444,0,0):
Solving for bands 1 to 3...
Finished solving for bands 1 to 3 after 7 iterations.
tmyevenfreqs:, 9, 0.444444, 0, 0, 0.444444, 0.270656, 0.325074, 0.346342
elapsed time for k point: 0 seconds.
solve_kpoint (0.5,0,0):
Solving for bands 1 to 3...
Finished solving for bands 1 to 3 after 10 iterations.
tmyevenfreqs:, 10, 0.5, 0, 0, 0.5, 0.286122, 0.326136, 0.361853
elapsed time for k point: 0 seconds.
Band 1 range: 0.0 at #(0.0 0.0 0.0) to 0.2861223116714531 at #(0.5 0.0 0.0)
Band 2 range: 0.15730480039084668 at #(0.0 0.0 0.0) to 0.3261362654247059 at #(0.5 0.0 0.0)
Band 3 range: 0.32202360344452735 at #(0.0 0.0 0.0) to 0.380683911458027 at #(0.33333333333333326 0.0 0.0)
total elapsed time for run: 0 seconds.
done.
init-params: initializing eigensolver data
Computing 3 bands with 1.000000e-07 tolerance.
Working in 2 dimensions.
Grid size is 32 x 128 x 1.
Solving for 3 bands at a time.
Creating Maxwell data...
Mesh size is 3.
Lattice vectors:
     (1, 0, 0)
     (0, 4, 0)
     (0, 0, 1)
Cell volume = 4
Reciprocal lattice vectors (/ 2 pi):
     (1, -0, 0)
     (-0, 0.25, -0)
     (0, -0, 1)
Geometric objects:
     block, center = (0,0,0)
          size (1e+20,1e+20,1e+20)
          axes (1,0,0), (0,1,0), (0,0,1)
          dielectric constant epsilon = 2.1025
     cylinder, center = (0.23094,2.82902e-07,0)
          radius 0.1, height 1e+20, axis (0, 0, 1)
          dielectric constant epsilon = 11.9025
     cylinder, center = (-0.11547,-0.2,0)
          radius 0.1, height 1e+20, axis (0, 0, 1)
          dielectric constant epsilon = 11.9025
     cylinder, center = (-0.11547,0.2,0)
          radius 0.1, height 1e+20, axis (0, 0, 1)
          dielectric constant epsilon = 11.9025
Geometric object tree has depth 1 and 12 object nodes (vs. 4 actual objects)
Initializing dielectric function...
10 k-points:
     (0,0,0)
     (0.0555556,0,0)
     (0.111111,0,0)
     (0.166667,0,0)
     (0.222222,0,0)
     (0.277778,0,0)
     (0.333333,0,0)
     (0.388889,0,0)
     (0.444444,0,0)
     (0.5,0,0)
Solving for band polarization: tmyodd.
Initializing fields to random numbers...
elapsed time for initialization: 0 seconds.
epsilon: 2.1025-11.9025, mean 2.33341, harm. mean 2.15123, 100% > 1, 2.35619% "fill"
Outputting newstrv02-epsilon...
solve_kpoint (0,0,0):
tmyoddfreqs:, k index, k1, k2, k3, kmag/2pi, tmyodd band 1, tmyodd band 2, tmyodd band 3
Solving for bands 1 to 3...
Finished solving for bands 1 to 3 after 8 iterations.
tmyoddfreqs:, 1, 0, 0, 0, 0, 0.170991, 0.332186, 0.472216
elapsed time for k point: 0 seconds.
solve_kpoint (0.0555556,0,0):
Solving for bands 1 to 3...
Finished solving for bands 1 to 3 after 5 iterations.
tmyoddfreqs:, 2, 0.0555556, 0, 0, 0.0555556, 0.175154, 0.334152, 0.473155
elapsed time for k point: 1 seconds.
solve_kpoint (0.111111,0,0):
Solving for bands 1 to 3...
Finished solving for bands 1 to 3 after 5 iterations.
tmyoddfreqs:, 3, 0.111111, 0, 0, 0.111111, 0.187086, 0.339964, 0.475871
elapsed time for k point: 0 seconds.
solve_kpoint (0.166667,0,0):
Solving for bands 1 to 3...
Finished solving for bands 1 to 3 after 5 iterations.
tmyoddfreqs:, 4, 0.166667, 0, 0, 0.166667, 0.205422, 0.349365, 0.480016
elapsed time for k point: 0 seconds.
solve_kpoint (0.222222,0,0):
Solving for bands 1 to 3...
Finished solving for bands 1 to 3 after 6 iterations.
tmyoddfreqs:, 5, 0.222222, 0, 0, 0.222222, 0.228604, 0.361947, 0.484732
elapsed time for k point: 0 seconds.
solve_kpoint (0.277778,0,0):
Solving for bands 1 to 3...
Finished solving for bands 1 to 3 after 7 iterations.
tmyoddfreqs:, 6, 0.277778, 0, 0, 0.277778, 0.255278, 0.377145, 0.487379
elapsed time for k point: 0 seconds.
solve_kpoint (0.333333,0,0):
Solving for bands 1 to 3...
Finished solving for bands 1 to 3 after 8 iterations.
tmyoddfreqs:, 7, 0.333333, 0, 0, 0.333333, 0.284401, 0.3941, 0.477569
elapsed time for k point: 0 seconds.
solve_kpoint (0.388889,0,0):
Solving for bands 1 to 3...
Finished solving for bands 1 to 3 after 7 iterations.
tmyoddfreqs:, 8, 0.388889, 0, 0, 0.388889, 0.315177, 0.410639, 0.451583
elapsed time for k point: 0 seconds.
solve_kpoint (0.444444,0,0):
Solving for bands 1 to 3...
Finished solving for bands 1 to 3 after 7 iterations.
tmyoddfreqs:, 9, 0.444444, 0, 0, 0.444444, 0.346855, 0.409422, 0.437802
elapsed time for k point: 0 seconds.
solve_kpoint (0.5,0,0):
Solving for bands 1 to 3...
Finished solving for bands 1 to 3 after 7 iterations.
tmyoddfreqs:, 10, 0.5, 0, 0, 0.5, 0.373931, 0.385217, 0.443264
elapsed time for k point: 0 seconds.
Band 1 range: 0.17099075690895724 at #(0.0 0.0 0.0) to 0.3739307693927442 at #(0.5 0.0 0.0)
Band 2 range: 0.3321855090074853 at #(0.0 0.0 0.0) to 0.4106386791614656 at #(0.38888888888888884 0.0 0.0)
Band 3 range: 0.4378015952485808 at #(0.4444444444444444 0.0 0.0) to 0.48737930504558924 at #(0.2777777777777777 0.0 0.0)
Gap from band 2 (0.4106386791614656) to band 3 (0.4378015952485808), 6.403023738118188%
total elapsed time for run: 1 seconds.
done.
total time for both TE and TM bands: 1 seconds.
eigensolver iterations for 20 k-points: 4-10, mean = 373/60, median = 6.5
mean flops per iteration = 1938545.0670241287
mean time per iteration = 0.00804289544235925 s
