command-line param: theta=0.5236
init-params: initializing eigensolver data
Computing 3 bands with 1.000000e-07 tolerance.
Working in 2 dimensions.
Grid size is 32 x 128 x 1.
Solving for 3 bands at a time.
Creating Maxwell data...
Allocating fields...
Mesh size is 3.
Lattice vectors:
     (1, 0, 0)
     (0, 4, 0)
     (0, 0, 1)
Cell volume = 4
Reciprocal lattice vectors (/ 2 pi):
     (1, -0, 0)
     (-0, 0.25, -0)
     (0, -0, 1)
Geometric objects:
     block, center = (0,0,0)
          size (1e+20,1e+20,1e+20)
          axes (1,0,0), (0,1,0), (0,0,1)
          dielectric constant epsilon = 2.1025
     cylinder, center = (0.322182,-0.143444,0)
          radius 0.1, height 1e+20, axis (0, 0, 1)
          dielectric constant epsilon = 11.9025
     cylinder, center = (-0.0368638,-0.35074,0)
          radius 0.1, height 1e+20, axis (0, 0, 1)
          dielectric constant epsilon = 11.9025
     cylinder, center = (-0.344965,-0.0733249,0)
          radius 0.1, height 1e+20, axis (0, 0, 1)
          dielectric constant epsilon = 11.9025
     cylinder, center = (-0.176336,0.305422,0)
          radius 0.1, height 1e+20, axis (0, 0, 1)
          dielectric constant epsilon = 11.9025
     cylinder, center = (0.235983,0.262086,0)
          radius 0.1, height 1e+20, axis (0, 0, 1)
          dielectric constant epsilon = 11.9025
Geometric object tree has depth 3 and 33 object nodes (vs. 6 actual objects)
Initializing dielectric function...
10 k-points:
     (0,0,0)
     (0.0555556,0,0)
     (0.111111,0,0)
     (0.166667,0,0)
     (0.222222,0,0)
     (0.277778,0,0)
     (0.333333,0,0)
     (0.388889,0,0)
     (0.444444,0,0)
     (0.5,0,0)
Solving for band polarization: tmyeven.
Initializing fields to random numbers...
elapsed time for initialization: 0 seconds.
epsilon: 2.1025-11.9025, mean 2.48734, harm. mean 2.18514, 100% > 1, 3.92697% "fill"
Outputting newstrv04-epsilon...
solve_kpoint (0,0,0):
tmyevenfreqs:, k index, k1, k2, k3, kmag/2pi, tmyeven band 1, tmyeven band 2, tmyeven band 3
Solving for bands 2 to 3...
Finished solving for bands 2 to 3 after 7 iterations.
tmyevenfreqs:, 1, 0, 0, 0, 0, 0, 0.165791, 0.336634
elapsed time for k point: 0 seconds.
solve_kpoint (0.0555556,0,0):
Solving for bands 1 to 3...
Finished solving for bands 1 to 3 after 73 iterations.
tmyevenfreqs:, 2, 0.0555556, 0, 0, 0.0555556, 0.0370743, 0.167873, 0.337501
elapsed time for k point: 0 seconds.
solve_kpoint (0.111111,0,0):
Solving for bands 1 to 3...
Finished solving for bands 1 to 3 after 2 iterations.
tmyevenfreqs:, 3, 0.111111, 0, 0, 0.111111, 0.0739755, 0.179089, 0.343588
elapsed time for k point: 0 seconds.
solve_kpoint (0.166667,0,0):
Solving for bands 1 to 3...
Finished solving for bands 1 to 3 after 2 iterations.
tmyevenfreqs:, 4, 0.166667, 0, 0, 0.166667, 0.110901, 0.196595, 0.353479
elapsed time for k point: 0 seconds.
solve_kpoint (0.222222,0,0):
Solving for bands 1 to 3...
Finished solving for bands 1 to 3 after 2 iterations.
tmyevenfreqs:, 5, 0.222222, 0, 0, 0.222222, 0.147579, 0.218909, 0.366911
elapsed time for k point: 0 seconds.
solve_kpoint (0.277778,0,0):
Solving for bands 1 to 3...
Finished solving for bands 1 to 3 after 2 iterations.
tmyevenfreqs:, 6, 0.277778, 0, 0, 0.277778, 0.183949, 0.2448, 0.383532
elapsed time for k point: 0 seconds.
solve_kpoint (0.333333,0,0):
Solving for bands 1 to 3...
Finished solving for bands 1 to 3 after 2 iterations.
tmyevenfreqs:, 7, 0.333333, 0, 0, 0.333333, 0.219956, 0.273364, 0.402957
elapsed time for k point: 0 seconds.
solve_kpoint (0.388889,0,0):
Solving for bands 1 to 3...
Finished solving for bands 1 to 3 after 2 iterations.
tmyevenfreqs:, 8, 0.388889, 0, 0, 0.388889, 0.255535, 0.303972, 0.42481
elapsed time for k point: 0 seconds.
solve_kpoint (0.444444,0,0):
Solving for bands 1 to 3...
Finished solving for bands 1 to 3 after 3 iterations.
tmyevenfreqs:, 9, 0.444444, 0, 0, 0.444444, 0.290627, 0.336195, 0.448725
elapsed time for k point: 0 seconds.
solve_kpoint (0.5,0,0):
Solving for bands 1 to 3...
Finished solving for bands 1 to 3 after 5 iterations.
tmyevenfreqs:, 10, 0.5, 0, 0, 0.5, 0.325227, 0.369759, 0.474274
elapsed time for k point: 0 seconds.
Band 1 range: 0.0 at #(0.0 0.0 0.0) to 0.32522709716427645 at #(0.5 0.0 0.0)
Band 2 range: 0.16579101937756777 at #(0.0 0.0 0.0) to 0.36975914040549457 at #(0.5 0.0 0.0)
Band 3 range: 0.3366339311737042 at #(0.0 0.0 0.0) to 0.4742740011911364 at #(0.5 0.0 0.0)
total elapsed time for run: 0 seconds.
done.
init-params: initializing eigensolver data
Computing 3 bands with 1.000000e-07 tolerance.
Working in 2 dimensions.
Grid size is 32 x 128 x 1.
Solving for 3 bands at a time.
Creating Maxwell data...
Mesh size is 3.
Lattice vectors:
     (1, 0, 0)
     (0, 4, 0)
     (0, 0, 1)
Cell volume = 4
Reciprocal lattice vectors (/ 2 pi):
     (1, -0, 0)
     (-0, 0.25, -0)
     (0, -0, 1)
Geometric objects:
     block, center = (0,0,0)
          size (1e+20,1e+20,1e+20)
          axes (1,0,0), (0,1,0), (0,0,1)
          dielectric constant epsilon = 2.1025
     cylinder, center = (0.322182,-0.143444,0)
          radius 0.1, height 1e+20, axis (0, 0, 1)
          dielectric constant epsilon = 11.9025
     cylinder, center = (-0.0368638,-0.35074,0)
          radius 0.1, height 1e+20, axis (0, 0, 1)
          dielectric constant epsilon = 11.9025
     cylinder, center = (-0.344965,-0.0733249,0)
          radius 0.1, height 1e+20, axis (0, 0, 1)
          dielectric constant epsilon = 11.9025
     cylinder, center = (-0.176336,0.305422,0)
          radius 0.1, height 1e+20, axis (0, 0, 1)
          dielectric constant epsilon = 11.9025
     cylinder, center = (0.235983,0.262086,0)
          radius 0.1, height 1e+20, axis (0, 0, 1)
          dielectric constant epsilon = 11.9025
Geometric object tree has depth 3 and 33 object nodes (vs. 6 actual objects)
Initializing dielectric function...
10 k-points:
     (0,0,0)
     (0.0555556,0,0)
     (0.111111,0,0)
     (0.166667,0,0)
     (0.222222,0,0)
     (0.277778,0,0)
     (0.333333,0,0)
     (0.388889,0,0)
     (0.444444,0,0)
     (0.5,0,0)
Solving for band polarization: tmyodd.
Initializing fields to random numbers...
elapsed time for initialization: 0 seconds.
epsilon: 2.1025-11.9025, mean 2.48734, harm. mean 2.18514, 100% > 1, 3.92697% "fill"
Outputting newstrv04-epsilon...
solve_kpoint (0,0,0):
tmyoddfreqs:, k index, k1, k2, k3, kmag/2pi, tmyodd band 1, tmyodd band 2, tmyodd band 3
Solving for bands 1 to 3...
Finished solving for bands 1 to 3 after 20 iterations.
tmyoddfreqs:, 1, 0, 0, 0, 0, 0.171119, 0.337077, 0.502697
elapsed time for k point: 0 seconds.
solve_kpoint (0.0555556,0,0):
Solving for bands 1 to 3...
Finished solving for bands 1 to 3 after 3 iterations.
tmyoddfreqs:, 2, 0.0555556, 0, 0, 0.0555556, 0.175257, 0.339083, 0.504259
elapsed time for k point: 0 seconds.
solve_kpoint (0.111111,0,0):
Solving for bands 1 to 3...
Finished solving for bands 1 to 3 after 2 iterations.
tmyoddfreqs:, 3, 0.111111, 0, 0, 0.111111, 0.187067, 0.344856, 0.508326
elapsed time for k point: 0 seconds.
solve_kpoint (0.166667,0,0):
Solving for bands 1 to 3...
Finished solving for bands 1 to 3 after 3 iterations.
tmyoddfreqs:, 4, 0.166667, 0, 0, 0.166667, 0.205241, 0.354264, 0.514869
elapsed time for k point: 0 seconds.
solve_kpoint (0.222222,0,0):
Solving for bands 1 to 3...
Finished solving for bands 1 to 3 after 1 iterations.
tmyoddfreqs:, 5, 0.222222, 0, 0, 0.222222, 0.2283, 0.367148, 0.523755
elapsed time for k point: 0 seconds.
solve_kpoint (0.277778,0,0):
Solving for bands 1 to 3...
Finished solving for bands 1 to 3 after 3 iterations.
tmyoddfreqs:, 6, 0.277778, 0, 0, 0.277778, 0.254916, 0.383169, 0.534827
elapsed time for k point: 0 seconds.
solve_kpoint (0.333333,0,0):
Solving for bands 1 to 3...
Finished solving for bands 1 to 3 after 5 iterations.
tmyoddfreqs:, 7, 0.333333, 0, 0, 0.333333, 0.284087, 0.401989, 0.547866
elapsed time for k point: 0 seconds.
solve_kpoint (0.388889,0,0):
Solving for bands 1 to 3...
    re-orthonormalizing Y
Finished solving for bands 1 to 3 after 142 iterations.
tmyoddfreqs:, 8, 0.388889, 0, 0, 0.388889, 0.316113, 0.427497, 0.470496
elapsed time for k point: 1 seconds.
solve_kpoint (0.444444,0,0):
Solving for bands 1 to 3...
Finished solving for bands 1 to 3 after 3 iterations.
tmyoddfreqs:, 9, 0.444444, 0, 0, 0.444444, 0.348571, 0.436035, 0.453572
elapsed time for k point: 0 seconds.
solve_kpoint (0.5,0,0):
Solving for bands 1 to 3...
Finished solving for bands 1 to 3 after 143 iterations.
tmyoddfreqs:, 10, 0.5, 0, 0, 0.5, 0.381124, 0.391347, 0.470956
elapsed time for k point: 1 seconds.
Band 1 range: 0.17111858252057177 at #(0.0 0.0 0.0) to 0.381123652215017 at #(0.5 0.0 0.0)
Band 2 range: 0.33707744135623346 at #(0.0 0.0 0.0) to 0.4360354702613136 at #(0.4444444444444444 0.0 0.0)
Band 3 range: 0.45357171466662327 at #(0.4444444444444444 0.0 0.0) to 0.5478657404760984 at #(0.33333333333333326 0.0 0.0)
Gap from band 2 (0.4360354702613136) to band 3 (0.45357171466662327), 3.9424691487243746%
total elapsed time for run: 2 seconds.
done.
total time for both TE and TM bands: 2 seconds.
eigensolver iterations for 20 k-points: 1-143, mean = 317/15, median = 3.0
mean flops per iteration = 1837972.9400630915
mean time per iteration = 0.00473186119873817 s
