init-params: initializing eigensolver data
Computing 4 bands with 1.000000e-07 tolerance.
Working in 2 dimensions.
Grid size is 32 x 64 x 1.
Solving for 4 bands at a time.
Creating Maxwell data...
Allocating fields...
Mesh size is 3.
Lattice vectors:
     (1, 0, 0)
     (0, 2, 0)
     (0, 0, 1)
Cell volume = 2
Reciprocal lattice vectors (/ 2 pi):
     (1, -0, 0)
     (-0, 0.5, -0)
     (0, -0, 1)
Geometric objects:
     block, center = (0,0,0)
          size (0.4,0.4,0)
          axes (1,0,0), (0,1,0), (0,0,1)
          dielectric constant epsilon = 12
Geometric object tree has depth 1 and 1 object nodes (vs. 1 actual objects)
Initializing dielectric function...
14 k-points:
     (0,0,0)
     (0.0769231,0,0)
     (0.153846,0,0)
     (0.230769,0,0)
     (0.307692,0,0)
     (0.384615,0,0)
     (0.461538,0,0)
     (0.538462,0,0)
     (0.615385,0,0)
     (0.692308,0,0)
     (0.769231,0,0)
     (0.846154,0,0)
     (0.923077,0,0)
     (1,0,0)
Solving for band polarization: tmyeven.
Initializing fields to random numbers...
elapsed time for initialization: 0 seconds.
epsilon: 1-12, mean 1.90771, harm. mean 1.08183, 8.25195% > 1, 8.25195% "fill"
Outputting pcbook-fig3-2-epsilon...
solve_kpoint (0,0,0):
tmyevenfreqs:, k index, k1, k2, k3, kmag/2pi, tmyeven band 1, tmyeven band 2, tmyeven band 3, tmyeven band 4
Solving for bands 2 to 4...
Finished solving for bands 2 to 4 after 10 iterations.
tmyevenfreqs:, 1, 0, 0, 0, 0, 0, 0.334362, 0.496303, 0.658931
elapsed time for k point: 0 seconds.
solve_kpoint (0.0769231,0,0):
Solving for bands 1 to 4...
Finished solving for bands 1 to 4 after 6 iterations.
tmyevenfreqs:, 2, 0.0769231, 0, 0, 0.0769231, 0.0552411, 0.339453, 0.492482, 0.663892
elapsed time for k point: 0 seconds.
solve_kpoint (0.153846,0,0):
Solving for bands 1 to 4...
Finished solving for bands 1 to 4 after 6 iterations.
tmyevenfreqs:, 3, 0.153846, 0, 0, 0.153846, 0.107745, 0.354376, 0.482865, 0.677448
elapsed time for k point: 0 seconds.
solve_kpoint (0.230769,0,0):
Solving for bands 1 to 4...
Finished solving for bands 1 to 4 after 7 iterations.
tmyevenfreqs:, 4, 0.230769, 0, 0, 0.230769, 0.154742, 0.377057, 0.472577, 0.696897
elapsed time for k point: 0 seconds.
solve_kpoint (0.307692,0,0):
Solving for bands 1 to 4...
Finished solving for bands 1 to 4 after 10 iterations.
tmyevenfreqs:, 5, 0.307692, 0, 0, 0.307692, 0.19367, 0.398543, 0.47311, 0.719264
elapsed time for k point: 0 seconds.
solve_kpoint (0.384615,0,0):
Solving for bands 1 to 4...
Finished solving for bands 1 to 4 after 11 iterations.
tmyevenfreqs:, 6, 0.384615, 0, 0, 0.384615, 0.222253, 0.403671, 0.501143, 0.67008
elapsed time for k point: 0 seconds.
solve_kpoint (0.461538,0,0):
Solving for bands 1 to 4...
Finished solving for bands 1 to 4 after 5 iterations.
tmyevenfreqs:, 7, 0.461538, 0, 0, 0.461538, 0.237864, 0.400239, 0.549954, 0.60847
elapsed time for k point: 0 seconds.
solve_kpoint (0.538462,0,0):
Solving for bands 1 to 4...
Finished solving for bands 1 to 4 after 5 iterations.
tmyevenfreqs:, 8, 0.538462, 0, 0, 0.538462, 0.237864, 0.400239, 0.549954, 0.60847
elapsed time for k point: 1 seconds.
solve_kpoint (0.615385,0,0):
Solving for bands 1 to 4...
Finished solving for bands 1 to 4 after 6 iterations.
tmyevenfreqs:, 9, 0.615385, 0, 0, 0.615385, 0.222253, 0.403671, 0.501143, 0.67008
elapsed time for k point: 0 seconds.
solve_kpoint (0.692308,0,0):
Solving for bands 1 to 4...
Finished solving for bands 1 to 4 after 17 iterations.
tmyevenfreqs:, 10, 0.692308, 0, 0, 0.692308, 0.19367, 0.398544, 0.47311, 0.719264
elapsed time for k point: 0 seconds.
solve_kpoint (0.769231,0,0):
Solving for bands 1 to 4...
Finished solving for bands 1 to 4 after 8 iterations.
tmyevenfreqs:, 11, 0.769231, 0, 0, 0.769231, 0.154742, 0.377057, 0.472577, 0.696897
elapsed time for k point: 0 seconds.
solve_kpoint (0.846154,0,0):
Solving for bands 1 to 4...
Finished solving for bands 1 to 4 after 6 iterations.
tmyevenfreqs:, 12, 0.846154, 0, 0, 0.846154, 0.107745, 0.354376, 0.482866, 0.677448
elapsed time for k point: 0 seconds.
solve_kpoint (0.923077,0,0):
Solving for bands 1 to 4...
Finished solving for bands 1 to 4 after 6 iterations.
tmyevenfreqs:, 13, 0.923077, 0, 0, 0.923077, 0.0552411, 0.339453, 0.492484, 0.663892
elapsed time for k point: 0 seconds.
solve_kpoint (1,0,0):
Solving for bands 1 to 4...
Finished solving for bands 1 to 4 after 5 iterations.
tmyevenfreqs:, 14, 1, 0, 0, 1, 2.71719e-06, 0.334362, 0.496305, 0.658931
elapsed time for k point: 0 seconds.
Band 1 range: 0.0 at #(0.0 0.0 0.0) to 0.23786399626724566 at #(0.46153846153846184 0.0 0.0)
Band 2 range: 0.3343620955063281 at #(0.0 0.0 0.0) to 0.4036712162749938 at #(0.6153846153846156 0.0 0.0)
Band 3 range: 0.47257673868014427 at #(0.23076923076923106 0.0 0.0) to 0.5499542185996465 at #(0.46153846153846184 0.0 0.0)
Band 4 range: 0.6084696429631248 at #(0.46153846153846184 0.0 0.0) to 0.7192640534229636 at #(0.6923076923076925 0.0 0.0)
Gap from band 1 (0.23786399626724566) to band 2 (0.3343620955063281), 33.7272629215468%
Gap from band 2 (0.4036712162749938) to band 3 (0.47257673868014427), 15.727402732409978%
Gap from band 3 (0.5499542185996465) to band 4 (0.6084696429631248), 10.10259306719356%
total elapsed time for run: 1 seconds.
done.
init-params: initializing eigensolver data
Computing 4 bands with 1.000000e-07 tolerance.
Working in 2 dimensions.
Grid size is 32 x 64 x 1.
Solving for 4 bands at a time.
Creating Maxwell data...
Mesh size is 3.
Lattice vectors:
     (1, 0, 0)
     (0, 2, 0)
     (0, 0, 1)
Cell volume = 2
Reciprocal lattice vectors (/ 2 pi):
     (1, -0, 0)
     (-0, 0.5, -0)
     (0, -0, 1)
Geometric objects:
     block, center = (0,0,0)
          size (0.4,0.4,0)
          axes (1,0,0), (0,1,0), (0,0,1)
          dielectric constant epsilon = 12
Geometric object tree has depth 1 and 1 object nodes (vs. 1 actual objects)
Initializing dielectric function...
14 k-points:
     (0,0,0)
     (0.0769231,0,0)
     (0.153846,0,0)
     (0.230769,0,0)
     (0.307692,0,0)
     (0.384615,0,0)
     (0.461538,0,0)
     (0.538462,0,0)
     (0.615385,0,0)
     (0.692308,0,0)
     (0.769231,0,0)
     (0.846154,0,0)
     (0.923077,0,0)
     (1,0,0)
Solving for band polarization: tmyodd.
Initializing fields to random numbers...
elapsed time for initialization: 0 seconds.
epsilon: 1-12, mean 1.90771, harm. mean 1.08183, 8.25195% > 1, 8.25195% "fill"
Outputting pcbook-fig3-2-epsilon...
solve_kpoint (0,0,0):
tmyoddfreqs:, k index, k1, k2, k3, kmag/2pi, tmyodd band 1, tmyodd band 2, tmyodd band 3, tmyodd band 4
Solving for bands 1 to 4...
Finished solving for bands 1 to 4 after 11 iterations.
tmyoddfreqs:, 1, 0, 0, 0, 0, 0.407852, 0.625913, 0.700387, 0.947372
elapsed time for k point: 0 seconds.
solve_kpoint (0.0769231,0,0):
Solving for bands 1 to 4...
Finished solving for bands 1 to 4 after 7 iterations.
tmyoddfreqs:, 2, 0.0769231, 0, 0, 0.0769231, 0.411088, 0.627023, 0.700729, 0.948667
elapsed time for k point: 0 seconds.
solve_kpoint (0.153846,0,0):
Solving for bands 1 to 4...
Finished solving for bands 1 to 4 after 8 iterations.
tmyoddfreqs:, 3, 0.153846, 0, 0, 0.153846, 0.420115, 0.630009, 0.702423, 0.952188
elapsed time for k point: 0 seconds.
solve_kpoint (0.230769,0,0):
Solving for bands 1 to 4...
Finished solving for bands 1 to 4 after 14 iterations.
tmyoddfreqs:, 4, 0.230769, 0, 0, 0.230769, 0.433002, 0.633787, 0.707492, 0.949468
elapsed time for k point: 0 seconds.
solve_kpoint (0.307692,0,0):
Solving for bands 1 to 4...
Finished solving for bands 1 to 4 after 7 iterations.
tmyoddfreqs:, 5, 0.307692, 0, 0, 0.307692, 0.44691, 0.636802, 0.718874, 0.898962
elapsed time for k point: 0 seconds.
solve_kpoint (0.384615,0,0):
Solving for bands 1 to 4...
Finished solving for bands 1 to 4 after 6 iterations.
tmyoddfreqs:, 6, 0.384615, 0, 0, 0.384615, 0.458633, 0.638204, 0.738901, 0.84973
elapsed time for k point: 0 seconds.
solve_kpoint (0.461538,0,0):
Solving for bands 1 to 4...
Finished solving for bands 1 to 4 after 5 iterations.
tmyoddfreqs:, 7, 0.461538, 0, 0, 0.461538, 0.465336, 0.6385, 0.768033, 0.805619
elapsed time for k point: 0 seconds.
solve_kpoint (0.538462,0,0):
Solving for bands 1 to 4...
Finished solving for bands 1 to 4 after 5 iterations.
tmyoddfreqs:, 8, 0.538462, 0, 0, 0.538462, 0.465336, 0.6385, 0.768033, 0.805619
elapsed time for k point: 0 seconds.
solve_kpoint (0.615385,0,0):
Solving for bands 1 to 4...
Finished solving for bands 1 to 4 after 6 iterations.
tmyoddfreqs:, 9, 0.615385, 0, 0, 0.615385, 0.458633, 0.638204, 0.738901, 0.84973
elapsed time for k point: 0 seconds.
solve_kpoint (0.692308,0,0):
Solving for bands 1 to 4...
Finished solving for bands 1 to 4 after 7 iterations.
tmyoddfreqs:, 10, 0.692308, 0, 0, 0.692308, 0.44691, 0.636802, 0.718875, 0.898962
elapsed time for k point: 0 seconds.
solve_kpoint (0.769231,0,0):
Solving for bands 1 to 4...
Finished solving for bands 1 to 4 after 10 iterations.
tmyoddfreqs:, 11, 0.769231, 0, 0, 0.769231, 0.433002, 0.633787, 0.707493, 0.949468
elapsed time for k point: 0 seconds.
solve_kpoint (0.846154,0,0):
Solving for bands 1 to 4...
Finished solving for bands 1 to 4 after 10 iterations.
tmyoddfreqs:, 12, 0.846154, 0, 0, 0.846154, 0.420115, 0.630009, 0.702426, 0.952189
elapsed time for k point: 0 seconds.
solve_kpoint (0.923077,0,0):
Solving for bands 1 to 4...
Finished solving for bands 1 to 4 after 7 iterations.
tmyoddfreqs:, 13, 0.923077, 0, 0, 0.923077, 0.411088, 0.627023, 0.700732, 0.948668
elapsed time for k point: 0 seconds.
solve_kpoint (1,0,0):
Solving for bands 1 to 4...
Finished solving for bands 1 to 4 after 6 iterations.
tmyoddfreqs:, 14, 1, 0, 0, 1, 0.407852, 0.625913, 0.700391, 0.947373
elapsed time for k point: 0 seconds.
Band 1 range: 0.40785155959256936 at #(0.0 0.0 0.0) to 0.4653356016422515 at #(0.46153846153846184 0.0 0.0)
Band 2 range: 0.6259127802889155 at #(0.0 0.0 0.0) to 0.6384999785654478 at #(0.5384615384615388 0.0 0.0)
Band 3 range: 0.7003868814712549 at #(0.0 0.0 0.0) to 0.7680332157205048 at #(0.5384615384615388 0.0 0.0)
Band 4 range: 0.8056191598159111 at #(0.46153846153846184 0.0 0.0) to 0.9521885801368665 at #(0.8461538461538463 0.0 0.0)
Gap from band 1 (0.4653356016422515) to band 2 (0.6259127802889155), 29.429996196190054%
Gap from band 2 (0.6384999785654478) to band 3 (0.7003868814712549), 9.244530625106085%
Gap from band 3 (0.7680332157205048) to band 4 (0.8056191598159111), 4.776905583432217%
total elapsed time for run: 0 seconds.
done.
