init-params: initializing eigensolver data
Computing 3 bands with 1.000000e-07 tolerance.
Working in 3 dimensions.
Grid size is 32 x 128 x 32.
Solving for 3 bands at a time.
Creating Maxwell data...
Allocating fields...
Mesh size is 3.
Lattice vectors:
     (1, 0, 0)
     (0, 4, 0)
     (0, 0, 2)
Cell volume = 8
Reciprocal lattice vectors (/ 2 pi):
     (1, -0, 0)
     (-0, 0.25, -0)
     (0, -0, 0.5)
Geometric objects:
     block, center = (0,0,0)
          size (1e+20,1,0.4)
          axes (1,0,0), (0,1,0), (0,0,1)
          dielectric constant epsilon = 12
     cylinder, center = (0,0,0)
          radius 0.25, height 0.4, axis (0, 0, 1)
          dielectric constant epsilon = 1
Geometric object tree has depth 1 and 4 object nodes (vs. 2 actual objects)
Initializing dielectric function...
10 k-points:
     (0,0,0)
     (0.0555556,0,0)
     (0.111111,0,0)
     (0.166667,0,0)
     (0.222222,0,0)
     (0.277778,0,0)
     (0.333333,0,0)
     (0.388889,0,0)
     (0.444444,0,0)
     (0.5,0,0)
Solving for band polarization: zevenyeven.
Initializing fields to random numbers...
elapsed time for initialization: 0 seconds.
epsilon: 1-12, mean 1.44286, harm. mean 1.04389, 4.69437% > 1, 4.02596% "fill"
Outputting pcbook-fig5-epsilon...
solve_kpoint (0,0,0):
zevenyevenfreqs:, k index, k1, k2, k3, kmag/2pi, zevenyeven band 1, zevenyeven band 2, zevenyeven band 3
Solving for bands 1 to 3...
    iteration   15: trace = 0.3527845403062332 (5.28932e-05% change)
Finished solving for bands 1 to 3 after 17 iterations.
zevenyevenfreqs:, 1, 0, 0, 0, 0, 0.196029, 0.366103, 0.424647
elapsed time for k point: 6 seconds.
solve_kpoint (0.0555556,0,0):
Solving for bands 1 to 3...
Finished solving for bands 1 to 3 after 10 iterations.
zevenyevenfreqs:, 2, 0.0555556, 0, 0, 0.0555556, 0.20301, 0.369587, 0.425199
elapsed time for k point: 4 seconds.
solve_kpoint (0.111111,0,0):
Solving for bands 1 to 3...
Finished solving for bands 1 to 3 after 10 iterations.
zevenyevenfreqs:, 3, 0.111111, 0, 0, 0.111111, 0.222542, 0.379715, 0.426881
elapsed time for k point: 3 seconds.
solve_kpoint (0.166667,0,0):
Solving for bands 1 to 3...
Finished solving for bands 1 to 3 after 10 iterations.
zevenyevenfreqs:, 4, 0.166667, 0, 0, 0.166667, 0.251419, 0.395357, 0.43008
elapsed time for k point: 3 seconds.
solve_kpoint (0.222222,0,0):
Solving for bands 1 to 3...
Finished solving for bands 1 to 3 after 10 iterations.
zevenyevenfreqs:, 5, 0.222222, 0, 0, 0.222222, 0.286231, 0.413221, 0.437225
elapsed time for k point: 3 seconds.
solve_kpoint (0.277778,0,0):
Solving for bands 1 to 3...
Finished solving for bands 1 to 3 after 10 iterations.
zevenyevenfreqs:, 6, 0.277778, 0, 0, 0.277778, 0.32386, 0.4257, 0.45539
elapsed time for k point: 3 seconds.
solve_kpoint (0.333333,0,0):
Solving for bands 1 to 3...
Finished solving for bands 1 to 3 after 11 iterations.
zevenyevenfreqs:, 7, 0.333333, 0, 0, 0.333333, 0.360538, 0.434605, 0.483387
elapsed time for k point: 3 seconds.
solve_kpoint (0.388889,0,0):
Solving for bands 1 to 3...
Finished solving for bands 1 to 3 after 15 iterations.
zevenyevenfreqs:, 8, 0.388889, 0, 0, 0.388889, 0.389343, 0.449202, 0.511082
elapsed time for k point: 5 seconds.
solve_kpoint (0.444444,0,0):
Solving for bands 1 to 3...
Finished solving for bands 1 to 3 after 13 iterations.
zevenyevenfreqs:, 9, 0.444444, 0, 0, 0.444444, 0.403563, 0.472968, 0.515812
elapsed time for k point: 3 seconds.
solve_kpoint (0.5,0,0):
Solving for bands 1 to 3...
    iteration   16: trace = 0.678963053238511 (4.13164e-06% change)
Finished solving for bands 1 to 3 after 16 iterations.
zevenyevenfreqs:, 10, 0.5, 0, 0, 0.5, 0.407135, 0.486899, 0.525484
elapsed time for k point: 5 seconds.
Band 1 range: 0.19602943516476018 at #(0.0 0.0 0.0) to 0.4071352499195089 at #(0.5 0.0 0.0)
Band 2 range: 0.3661032372106789 at #(0.0 0.0 0.0) to 0.4868990199890188 at #(0.5 0.0 0.0)
Band 3 range: 0.42464733722139597 at #(0.0 0.0 0.0) to 0.5254838587865539 at #(0.5 0.0 0.0)
total elapsed time for run: 38 seconds.
done.
init-params: initializing eigensolver data
Computing 3 bands with 1.000000e-07 tolerance.
Working in 3 dimensions.
Grid size is 32 x 128 x 32.
Solving for 3 bands at a time.
Creating Maxwell data...
Mesh size is 3.
Lattice vectors:
     (1, 0, 0)
     (0, 4, 0)
     (0, 0, 2)
Cell volume = 8
Reciprocal lattice vectors (/ 2 pi):
     (1, -0, 0)
     (-0, 0.25, -0)
     (0, -0, 0.5)
Geometric objects:
     block, center = (0,0,0)
          size (1e+20,1,0.4)
          axes (1,0,0), (0,1,0), (0,0,1)
          dielectric constant epsilon = 12
     cylinder, center = (0,0,0)
          radius 0.25, height 0.4, axis (0, 0, 1)
          dielectric constant epsilon = 1
Geometric object tree has depth 1 and 4 object nodes (vs. 2 actual objects)
Initializing dielectric function...
10 k-points:
     (0,0,0)
     (0.0555556,0,0)
     (0.111111,0,0)
     (0.166667,0,0)
     (0.222222,0,0)
     (0.277778,0,0)
     (0.333333,0,0)
     (0.388889,0,0)
     (0.444444,0,0)
     (0.5,0,0)
Solving for band polarization: zoddyeven.
Initializing fields to random numbers...
elapsed time for initialization: 0 seconds.
epsilon: 1-12, mean 1.44286, harm. mean 1.04389, 4.69437% > 1, 4.02596% "fill"
Outputting pcbook-fig5-epsilon...
solve_kpoint (0,0,0):
zoddyevenfreqs:, k index, k1, k2, k3, kmag/2pi, zoddyeven band 1, zoddyeven band 2, zoddyeven band 3
Solving for bands 2 to 3...
Finished solving for bands 2 to 3 after 24 iterations.
zoddyevenfreqs:, 1, 0, 0, 0, 0, 0, 0.237945, 0.414207
elapsed time for k point: 4 seconds.
solve_kpoint (0.0555556,0,0):
Solving for bands 1 to 3...
Finished solving for bands 1 to 3 after 13 iterations.
zoddyevenfreqs:, 2, 0.0555556, 0, 0, 0.0555556, 0.0537349, 0.243587, 0.415188
elapsed time for k point: 4 seconds.
solve_kpoint (0.111111,0,0):
Solving for bands 1 to 3...
Finished solving for bands 1 to 3 after 14 iterations.
zoddyevenfreqs:, 3, 0.111111, 0, 0, 0.111111, 0.107283, 0.259669, 0.418261
elapsed time for k point: 5 seconds.
solve_kpoint (0.166667,0,0):
Solving for bands 1 to 3...
Finished solving for bands 1 to 3 after 14 iterations.
zoddyevenfreqs:, 4, 0.166667, 0, 0, 0.166667, 0.160388, 0.284094, 0.42369
elapsed time for k point: 4 seconds.
solve_kpoint (0.222222,0,0):
Solving for bands 1 to 3...
Finished solving for bands 1 to 3 after 15 iterations.
zoddyevenfreqs:, 5, 0.222222, 0, 0, 0.222222, 0.212611, 0.314342, 0.431521
elapsed time for k point: 4 seconds.
solve_kpoint (0.277778,0,0):
Solving for bands 1 to 3...
    iteration   15: trace = 0.3833930772788227 (6.39474e-06% change)
Finished solving for bands 1 to 3 after 15 iterations.
zoddyevenfreqs:, 6, 0.277778, 0, 0, 0.277778, 0.263066, 0.348082, 0.439349
elapsed time for k point: 5 seconds.
solve_kpoint (0.333333,0,0):
Solving for bands 1 to 3...
    iteration   16: trace = 0.4352183222844239 (1.93257e-06% change)
Finished solving for bands 1 to 3 after 16 iterations.
zoddyevenfreqs:, 7, 0.333333, 0, 0, 0.333333, 0.309848, 0.38379, 0.438084
elapsed time for k point: 5 seconds.
solve_kpoint (0.388889,0,0):
Solving for bands 1 to 3...
Finished solving for bands 1 to 3 after 11 iterations.
zoddyevenfreqs:, 8, 0.388889, 0, 0, 0.388889, 0.349484, 0.421218, 0.430164
elapsed time for k point: 3 seconds.
solve_kpoint (0.444444,0,0):
Solving for bands 1 to 3...
Finished solving for bands 1 to 3 after 15 iterations.
zoddyevenfreqs:, 9, 0.444444, 0, 0, 0.444444, 0.378924, 0.4171, 0.464326
elapsed time for k point: 4 seconds.
solve_kpoint (0.5,0,0):
Solving for bands 1 to 3...
    iteration   16: trace = 0.5649145558106752 (0.00137679% change)
Finished solving for bands 1 to 3 after 25 iterations.
zoddyevenfreqs:, 10, 0.5, 0, 0, 0.5, 0.395696, 0.405813, 0.49361
elapsed time for k point: 7 seconds.
Band 1 range: 0.0 at #(0.0 0.0 0.0) to 0.39569563560368565 at #(0.5 0.0 0.0)
Band 2 range: 0.23794460597004838 at #(0.0 0.0 0.0) to 0.421217821070191 at #(0.38888888888888884 0.0 0.0)
Band 3 range: 0.4142072571603528 at #(0.0 0.0 0.0) to 0.4936104039893271 at #(0.5 0.0 0.0)
total elapsed time for run: 46 seconds.
done.
init-params: initializing eigensolver data
Computing 3 bands with 1.000000e-07 tolerance.
Working in 3 dimensions.
Grid size is 32 x 128 x 32.
Solving for 3 bands at a time.
Creating Maxwell data...
Mesh size is 3.
Lattice vectors:
     (1, 0, 0)
     (0, 4, 0)
     (0, 0, 2)
Cell volume = 8
Reciprocal lattice vectors (/ 2 pi):
     (1, -0, 0)
     (-0, 0.25, -0)
     (0, -0, 0.5)
Geometric objects:
     block, center = (0,0,0)
          size (1e+20,1,0.4)
          axes (1,0,0), (0,1,0), (0,0,1)
          dielectric constant epsilon = 12
     cylinder, center = (0,0,0)
          radius 0.25, height 0.4, axis (0, 0, 1)
          dielectric constant epsilon = 1
Geometric object tree has depth 1 and 4 object nodes (vs. 2 actual objects)
Initializing dielectric function...
10 k-points:
     (0,0,0)
     (0.0555556,0,0)
     (0.111111,0,0)
     (0.166667,0,0)
     (0.222222,0,0)
     (0.277778,0,0)
     (0.333333,0,0)
     (0.388889,0,0)
     (0.444444,0,0)
     (0.5,0,0)
Solving for band polarization: zevenyodd.
Initializing fields to random numbers...
elapsed time for initialization: 0 seconds.
epsilon: 1-12, mean 1.44286, harm. mean 1.04389, 4.69437% > 1, 4.02596% "fill"
Outputting pcbook-fig5-epsilon...
solve_kpoint (0,0,0):
zevenyoddfreqs:, k index, k1, k2, k3, kmag/2pi, zevenyodd band 1, zevenyodd band 2, zevenyodd band 3
Solving for bands 2 to 3...
Finished solving for bands 2 to 3 after 15 iterations.
zevenyoddfreqs:, 1, 0, 0, 0, 0, 0, 0.213218, 0.327185
elapsed time for k point: 3 seconds.
solve_kpoint (0.0555556,0,0):
Solving for bands 1 to 3...
Finished solving for bands 1 to 3 after 10 iterations.
zevenyoddfreqs:, 2, 0.0555556, 0, 0, 0.0555556, 0.0524012, 0.216755, 0.33046
elapsed time for k point: 3 seconds.
solve_kpoint (0.111111,0,0):
Solving for bands 1 to 3...
Finished solving for bands 1 to 3 after 10 iterations.
zevenyoddfreqs:, 3, 0.111111, 0, 0, 0.111111, 0.104034, 0.226893, 0.340345
elapsed time for k point: 3 seconds.
solve_kpoint (0.166667,0,0):
Solving for bands 1 to 3...
Finished solving for bands 1 to 3 after 11 iterations.
zevenyoddfreqs:, 4, 0.166667, 0, 0, 0.166667, 0.153468, 0.24299, 0.356801
elapsed time for k point: 3 seconds.
solve_kpoint (0.222222,0,0):
Solving for bands 1 to 3...
Finished solving for bands 1 to 3 after 12 iterations.
zevenyoddfreqs:, 5, 0.222222, 0, 0, 0.222222, 0.197294, 0.266357, 0.37863
elapsed time for k point: 3 seconds.
solve_kpoint (0.277778,0,0):
Solving for bands 1 to 3...
    iteration   15: trace = 0.2915953469572807 (6.96366e-05% change)
Finished solving for bands 1 to 3 after 16 iterations.
zevenyoddfreqs:, 6, 0.277778, 0, 0, 0.277778, 0.230219, 0.30069, 0.384941
elapsed time for k point: 6 seconds.
solve_kpoint (0.333333,0,0):
Solving for bands 1 to 3...
Finished solving for bands 1 to 3 after 10 iterations.
zevenyoddfreqs:, 7, 0.333333, 0, 0, 0.333333, 0.252346, 0.343983, 0.374921
elapsed time for k point: 3 seconds.
solve_kpoint (0.388889,0,0):
Solving for bands 1 to 3...
Finished solving for bands 1 to 3 after 10 iterations.
zevenyoddfreqs:, 8, 0.388889, 0, 0, 0.388889, 0.268049, 0.360072, 0.396564
elapsed time for k point: 3 seconds.
solve_kpoint (0.444444,0,0):
Solving for bands 1 to 3...
Finished solving for bands 1 to 3 after 11 iterations.
zevenyoddfreqs:, 9, 0.444444, 0, 0, 0.444444, 0.27872, 0.352219, 0.445094
elapsed time for k point: 3 seconds.
solve_kpoint (0.5,0,0):
Solving for bands 1 to 3...
    iteration   15: trace = 0.4366699427277899 (0.000727338% change)
Finished solving for bands 1 to 3 after 20 iterations.
zevenyoddfreqs:, 10, 0.5, 0, 0, 0.5, 0.282773, 0.348813, 0.484807
elapsed time for k point: 6 seconds.
Band 1 range: 0.0 at #(0.0 0.0 0.0) to 0.28277286340620944 at #(0.5 0.0 0.0)
Band 2 range: 0.21321800426308027 at #(0.0 0.0 0.0) to 0.3600719346397283 at #(0.38888888888888884 0.0 0.0)
Band 3 range: 0.3271847614975063 at #(0.0 0.0 0.0) to 0.4848066293769936 at #(0.5 0.0 0.0)
total elapsed time for run: 36 seconds.
done.
init-params: initializing eigensolver data
Computing 3 bands with 1.000000e-07 tolerance.
Working in 3 dimensions.
Grid size is 32 x 128 x 32.
Solving for 3 bands at a time.
Creating Maxwell data...
Mesh size is 3.
Lattice vectors:
     (1, 0, 0)
     (0, 4, 0)
     (0, 0, 2)
Cell volume = 8
Reciprocal lattice vectors (/ 2 pi):
     (1, -0, 0)
     (-0, 0.25, -0)
     (0, -0, 0.5)
Geometric objects:
     block, center = (0,0,0)
          size (1e+20,1,0.4)
          axes (1,0,0), (0,1,0), (0,0,1)
          dielectric constant epsilon = 12
     cylinder, center = (0,0,0)
          radius 0.25, height 0.4, axis (0, 0, 1)
          dielectric constant epsilon = 1
Geometric object tree has depth 1 and 4 object nodes (vs. 2 actual objects)
Initializing dielectric function...
10 k-points:
     (0,0,0)
     (0.0555556,0,0)
     (0.111111,0,0)
     (0.166667,0,0)
     (0.222222,0,0)
     (0.277778,0,0)
     (0.333333,0,0)
     (0.388889,0,0)
     (0.444444,0,0)
     (0.5,0,0)
Solving for band polarization: zoddyodd.
Initializing fields to random numbers...
elapsed time for initialization: 0 seconds.
epsilon: 1-12, mean 1.44286, harm. mean 1.04389, 4.69437% > 1, 4.02596% "fill"
Outputting pcbook-fig5-epsilon...
solve_kpoint (0,0,0):
zoddyoddfreqs:, k index, k1, k2, k3, kmag/2pi, zoddyodd band 1, zoddyodd band 2, zoddyodd band 3
Solving for bands 1 to 3...
    iteration   15: trace = 0.4508996106556561 (0.00747355% change)
Finished solving for bands 1 to 3 after 28 iterations.
zoddyoddfreqs:, 1, 0, 0, 0, 0, 0.242868, 0.403544, 0.478389
elapsed time for k point: 11 seconds.
solve_kpoint (0.0555556,0,0):
Solving for bands 1 to 3...
    iteration   16: trace = 0.4543015591104032 (5.09961e-05% change)
Finished solving for bands 1 to 3 after 18 iterations.
zoddyoddfreqs:, 2, 0.0555556, 0, 0, 0.0555556, 0.24866, 0.405018, 0.477944
elapsed time for k point: 6 seconds.
solve_kpoint (0.111111,0,0):
Solving for bands 1 to 3...
    iteration   16: trace = 0.4668148607921226 (1.4946e-05% change)
Finished solving for bands 1 to 3 after 17 iterations.
zoddyoddfreqs:, 3, 0.111111, 0, 0, 0.111111, 0.265177, 0.409333, 0.478479
elapsed time for k point: 5 seconds.
solve_kpoint (0.166667,0,0):
Solving for bands 1 to 3...
    iteration   16: trace = 0.4883774228527742 (1.34873e-05% change)
Finished solving for bands 1 to 3 after 17 iterations.
zoddyoddfreqs:, 4, 0.166667, 0, 0, 0.166667, 0.290256, 0.416232, 0.480499
elapsed time for k point: 4 seconds.
solve_kpoint (0.222222,0,0):
Solving for bands 1 to 3...
    iteration   16: trace = 0.517400481928979 (1.15587e-05% change)
Finished solving for bands 1 to 3 after 17 iterations.
zoddyoddfreqs:, 5, 0.222222, 0, 0, 0.222222, 0.321159, 0.425516, 0.482901
elapsed time for k point: 5 seconds.
solve_kpoint (0.277778,0,0):
Solving for bands 1 to 3...
    iteration   16: trace = 0.550583585486153 (1.08229e-05% change)
Finished solving for bands 1 to 3 after 17 iterations.
zoddyoddfreqs:, 6, 0.277778, 0, 0, 0.277778, 0.354739, 0.437419, 0.483124
elapsed time for k point: 5 seconds.
solve_kpoint (0.333333,0,0):
Solving for bands 1 to 3...
    iteration   16: trace = 0.5856277261005012 (8.33448e-06% change)
Finished solving for bands 1 to 3 after 16 iterations.
zoddyoddfreqs:, 7, 0.333333, 0, 0, 0.333333, 0.386698, 0.452514, 0.48096
elapsed time for k point: 4 seconds.
solve_kpoint (0.388889,0,0):
Solving for bands 1 to 3...
    iteration   16: trace = 0.6233258719913539 (1.72441e-05% change)
Finished solving for bands 1 to 3 after 17 iterations.
zoddyoddfreqs:, 8, 0.388889, 0, 0, 0.388889, 0.411551, 0.462559, 0.489889
elapsed time for k point: 4 seconds.
solve_kpoint (0.444444,0,0):
Solving for bands 1 to 3...
    iteration   16: trace = 0.6519914546991372 (0.000141687% change)
Finished solving for bands 1 to 3 after 23 iterations.
zoddyoddfreqs:, 9, 0.444444, 0, 0, 0.444444, 0.426997, 0.459502, 0.508449
elapsed time for k point: 6 seconds.
solve_kpoint (0.5,0,0):
Solving for bands 1 to 3...
Finished solving for bands 1 to 3 after 15 iterations.
zoddyoddfreqs:, 10, 0.5, 0, 0, 0.5, 0.432872, 0.456635, 0.511883
elapsed time for k point: 4 seconds.
Band 1 range: 0.24286796870556648 at #(0.0 0.0 0.0) to 0.4328715952224971 at #(0.5 0.0 0.0)
Band 2 range: 0.4035439169442793 at #(0.0 0.0 0.0) to 0.4625585387952556 at #(0.38888888888888884 0.0 0.0)
Band 3 range: 0.4779436340049388 at #(0.05555555555555547 0.0 0.0) to 0.5118825408760559 at #(0.5 0.0 0.0)
Gap from band 2 (0.4625585387952556) to band 3 (0.4779436340049388), 3.271676696689923%
total elapsed time for run: 54 seconds.
done.
total time for both TE and TM bands: 2 minutes, 54 seconds.
eigensolver iterations for 40 k-points: 10-28, mean = 581/40, median = 15.0
mean flops per iteration = 58973382.110154904
mean time per iteration = 0.29948364888123924 s
